config:
  target: 'http://localhost:3000'
  phases:
    - duration: 10
      arrivalRate: 50
  http:
    timeout: 10
scenarios:
  -
    name: 'fs async'
    flow:
    - get:
        url: "/async"
  -
    name: 'outro'
    flow:
    - get:
        url: "/outro"


    